2023-05-13 15:43:45 [restartedMain] INFO  com.had.selfhelp.SelfhelpApplication - Starting SelfhelpApplication using Java 11.0.18 on Inspiron with PID 4451 (/home/niraj/Desktop/IIITB/spe/MIni-Project/SPE-Backend/target/classes started by niraj in /home/niraj/Desktop/IIITB/spe/MIni-Project/SPE-Backend)
2023-05-13 15:43:45 [restartedMain] INFO  com.had.selfhelp.SelfhelpApplication - No active profile set, falling back to 1 default profile: "default"
2023-05-13 15:43:45 [restartedMain] INFO  o.s.b.d.e.DevToolsPropertyDefaultsPostProcessor - Devtools property defaults active! Set 'spring.devtools.add-properties' to 'false' to disable
2023-05-13 15:43:45 [restartedMain] INFO  o.s.b.d.e.DevToolsPropertyDefaultsPostProcessor - For additional web related logging consider setting the 'logging.level.web' property to 'DEBUG'
2023-05-13 15:43:46 [restartedMain] INFO  o.s.d.r.c.RepositoryConfigurationDelegate - Bootstrapping Spring Data JPA repositories in DEFAULT mode.
2023-05-13 15:43:47 [restartedMain] INFO  o.s.d.r.c.RepositoryConfigurationDelegate - Finished Spring Data repository scanning in 109 ms. Found 4 JPA repository interfaces.
2023-05-13 15:43:47 [restartedMain] INFO  o.s.b.w.e.tomcat.TomcatWebServer - Tomcat initialized with port(s): 8081 (http)
2023-05-13 15:43:47 [restartedMain] INFO  o.a.catalina.core.StandardService - Starting service [Tomcat]
2023-05-13 15:43:47 [restartedMain] INFO  o.a.catalina.core.StandardEngine - Starting Servlet engine: [Apache Tomcat/9.0.71]
2023-05-13 15:43:48 [restartedMain] INFO  o.a.c.c.C.[Tomcat].[localhost].[/] - Initializing Spring embedded WebApplicationContext
2023-05-13 15:43:48 [restartedMain] INFO  o.s.b.w.s.c.ServletWebServerApplicationContext - Root WebApplicationContext: initialization completed in 2115 ms
2023-05-13 15:43:48 [restartedMain] INFO  c.had.selfhelp.util.SimpleCORSFilter - SimpleCORSFilter init
2023-05-13 15:43:48 [restartedMain] INFO  o.h.jpa.internal.util.LogHelper - HHH000204: Processing PersistenceUnitInfo [name: default]
2023-05-13 15:43:48 [restartedMain] INFO  org.hibernate.Version - HHH000412: Hibernate ORM core version 5.6.14.Final
2023-05-13 15:43:48 [restartedMain] INFO  o.h.annotations.common.Version - HCANN000001: Hibernate Commons Annotations {5.1.2.Final}
2023-05-13 15:43:48 [restartedMain] INFO  com.zaxxer.hikari.HikariDataSource - HikariPool-1 - Starting...
2023-05-13 15:43:49 [restartedMain] INFO  com.zaxxer.hikari.HikariDataSource - HikariPool-1 - Start completed.
2023-05-13 15:43:49 [restartedMain] INFO  org.hibernate.dialect.Dialect - HHH000400: Using dialect: org.hibernate.dialect.MySQL8Dialect
2023-05-13 15:43:49 [restartedMain] WARN  o.h.t.d.j.JavaTypeDescriptorRegistry - HHH000481: Encountered Java type [class java.lang.Object] for which we could not locate a JavaTypeDescriptor and which does not appear to implement equals and/or hashCode.  This can lead to significant performance problems when performing equality/dirty checking involving this Java type.  Consider registering a custom JavaTypeDescriptor or at least implementing equals/hashCode.
2023-05-13 15:43:49 [restartedMain] WARN  o.h.t.d.j.JavaTypeDescriptorRegistry - HHH000481: Encountered Java type [class java.lang.Object] for which we could not locate a JavaTypeDescriptor and which does not appear to implement equals and/or hashCode.  This can lead to significant performance problems when performing equality/dirty checking involving this Java type.  Consider registering a custom JavaTypeDescriptor or at least implementing equals/hashCode.
2023-05-13 15:43:49 [restartedMain] WARN  o.h.t.d.j.JavaTypeDescriptorRegistry - HHH000481: Encountered Java type [class java.lang.Object] for which we could not locate a JavaTypeDescriptor and which does not appear to implement equals and/or hashCode.  This can lead to significant performance problems when performing equality/dirty checking involving this Java type.  Consider registering a custom JavaTypeDescriptor or at least implementing equals/hashCode.
2023-05-13 15:43:49 [restartedMain] WARN  o.h.t.d.j.JavaTypeDescriptorRegistry - HHH000481: Encountered Java type [class java.lang.Object] for which we could not locate a JavaTypeDescriptor and which does not appear to implement equals and/or hashCode.  This can lead to significant performance problems when performing equality/dirty checking involving this Java type.  Consider registering a custom JavaTypeDescriptor or at least implementing equals/hashCode.
2023-05-13 15:43:49 [restartedMain] WARN  o.h.t.d.j.JavaTypeDescriptorRegistry - HHH000481: Encountered Java type [class java.lang.Object] for which we could not locate a JavaTypeDescriptor and which does not appear to implement equals and/or hashCode.  This can lead to significant performance problems when performing equality/dirty checking involving this Java type.  Consider registering a custom JavaTypeDescriptor or at least implementing equals/hashCode.
2023-05-13 15:43:50 [restartedMain] INFO  o.h.e.t.j.p.i.JtaPlatformInitiator - HHH000490: Using JtaPlatform implementation: [org.hibernate.engine.transaction.jta.platform.internal.NoJtaPlatform]
2023-05-13 15:43:50 [restartedMain] INFO  o.s.o.j.LocalContainerEntityManagerFactoryBean - Initialized JPA EntityManagerFactory for persistence unit 'default'
2023-05-13 15:43:50 [restartedMain] WARN  o.s.b.a.o.j.JpaBaseConfiguration$JpaWebConfiguration - spring.jpa.open-in-view is enabled by default. Therefore, database queries may be performed during view rendering. Explicitly configure spring.jpa.open-in-view to disable this warning
2023-05-13 15:43:51 [restartedMain] INFO  o.s.s.web.DefaultSecurityFilterChain - Will secure any request with [org.springframework.security.web.session.DisableEncodeUrlFilter@1606845c, org.springframework.security.web.context.request.async.WebAsyncManagerIntegrationFilter@e5935ec, org.springframework.security.web.context.SecurityContextPersistenceFilter@32b72d08, org.springframework.security.web.header.HeaderWriterFilter@52de3ff, org.springframework.web.filter.CorsFilter@36f15b44, org.springframework.security.web.authentication.logout.LogoutFilter@3798840b, com.had.selfhelp.jwt.AuthTokenFilter@3e3974c2, org.springframework.security.web.savedrequest.RequestCacheAwareFilter@3f99e9bf, org.springframework.security.web.servletapi.SecurityContextHolderAwareRequestFilter@36336e3e, org.springframework.security.web.authentication.AnonymousAuthenticationFilter@5b316447, org.springframework.security.web.session.SessionManagementFilter@6d931b78, org.springframework.security.web.access.ExceptionTranslationFilter@1a1acfc0, org.springframework.security.web.access.intercept.FilterSecurityInterceptor@174c4ab8]
2023-05-13 15:43:52 [restartedMain] INFO  o.s.b.d.a.OptionalLiveReloadServer - LiveReload server is running on port 35729
2023-05-13 15:43:52 [restartedMain] INFO  o.s.b.w.e.tomcat.TomcatWebServer - Tomcat started on port(s): 8081 (http) with context path ''
2023-05-13 15:43:52 [restartedMain] INFO  com.had.selfhelp.SelfhelpApplication - Started SelfhelpApplication in 6.96 seconds (JVM running for 8.487)
2023-05-13 15:43:58 [SpringApplicationShutdownHook] INFO  o.s.o.j.LocalContainerEntityManagerFactoryBean - Closing JPA EntityManagerFactory for persistence unit 'default'
2023-05-13 15:43:58 [SpringApplicationShutdownHook] INFO  com.zaxxer.hikari.HikariDataSource - HikariPool-1 - Shutdown initiated...
2023-05-13 15:43:58 [SpringApplicationShutdownHook] INFO  com.zaxxer.hikari.HikariDataSource - HikariPool-1 - Shutdown completed.
2023-05-13 16:04:59 [restartedMain] INFO  com.had.selfhelp.SelfhelpApplication - Starting SelfhelpApplication using Java 11.0.18 on Inspiron with PID 14501 (/home/niraj/Desktop/IIITB/spe/MIni-Project/SPE-Backend/target/classes started by niraj in /home/niraj/Desktop/IIITB/spe/MIni-Project/SPE-Backend)
2023-05-13 16:04:59 [restartedMain] INFO  com.had.selfhelp.SelfhelpApplication - No active profile set, falling back to 1 default profile: "default"
2023-05-13 16:04:59 [restartedMain] INFO  o.s.b.d.e.DevToolsPropertyDefaultsPostProcessor - Devtools property defaults active! Set 'spring.devtools.add-properties' to 'false' to disable
2023-05-13 16:04:59 [restartedMain] INFO  o.s.b.d.e.DevToolsPropertyDefaultsPostProcessor - For additional web related logging consider setting the 'logging.level.web' property to 'DEBUG'
2023-05-13 16:05:00 [restartedMain] INFO  o.s.d.r.c.RepositoryConfigurationDelegate - Bootstrapping Spring Data JPA repositories in DEFAULT mode.
2023-05-13 16:05:00 [restartedMain] INFO  o.s.d.r.c.RepositoryConfigurationDelegate - Finished Spring Data repository scanning in 77 ms. Found 4 JPA repository interfaces.
2023-05-13 16:05:01 [restartedMain] INFO  o.s.b.w.e.tomcat.TomcatWebServer - Tomcat initialized with port(s): 8081 (http)
2023-05-13 16:05:01 [restartedMain] INFO  o.a.catalina.core.StandardService - Starting service [Tomcat]
2023-05-13 16:05:01 [restartedMain] INFO  o.a.catalina.core.StandardEngine - Starting Servlet engine: [Apache Tomcat/9.0.71]
2023-05-13 16:05:01 [restartedMain] INFO  o.a.c.c.C.[Tomcat].[localhost].[/] - Initializing Spring embedded WebApplicationContext
2023-05-13 16:05:01 [restartedMain] INFO  o.s.b.w.s.c.ServletWebServerApplicationContext - Root WebApplicationContext: initialization completed in 2351 ms
2023-05-13 16:05:01 [restartedMain] INFO  c.had.selfhelp.util.SimpleCORSFilter - SimpleCORSFilter init
2023-05-13 16:05:02 [restartedMain] INFO  o.h.jpa.internal.util.LogHelper - HHH000204: Processing PersistenceUnitInfo [name: default]
2023-05-13 16:05:02 [restartedMain] INFO  org.hibernate.Version - HHH000412: Hibernate ORM core version 5.6.14.Final
2023-05-13 16:05:02 [restartedMain] INFO  o.h.annotations.common.Version - HCANN000001: Hibernate Commons Annotations {5.1.2.Final}
2023-05-13 16:05:02 [restartedMain] INFO  com.zaxxer.hikari.HikariDataSource - HikariPool-1 - Starting...
2023-05-13 16:05:03 [restartedMain] INFO  com.zaxxer.hikari.HikariDataSource - HikariPool-1 - Start completed.
2023-05-13 16:05:03 [restartedMain] INFO  org.hibernate.dialect.Dialect - HHH000400: Using dialect: org.hibernate.dialect.MySQL8Dialect
2023-05-13 16:05:03 [restartedMain] WARN  o.h.t.d.j.JavaTypeDescriptorRegistry - HHH000481: Encountered Java type [class java.lang.Object] for which we could not locate a JavaTypeDescriptor and which does not appear to implement equals and/or hashCode.  This can lead to significant performance problems when performing equality/dirty checking involving this Java type.  Consider registering a custom JavaTypeDescriptor or at least implementing equals/hashCode.
2023-05-13 16:05:03 [restartedMain] WARN  o.h.t.d.j.JavaTypeDescriptorRegistry - HHH000481: Encountered Java type [class java.lang.Object] for which we could not locate a JavaTypeDescriptor and which does not appear to implement equals and/or hashCode.  This can lead to significant performance problems when performing equality/dirty checking involving this Java type.  Consider registering a custom JavaTypeDescriptor or at least implementing equals/hashCode.
2023-05-13 16:05:03 [restartedMain] WARN  o.h.t.d.j.JavaTypeDescriptorRegistry - HHH000481: Encountered Java type [class java.lang.Object] for which we could not locate a JavaTypeDescriptor and which does not appear to implement equals and/or hashCode.  This can lead to significant performance problems when performing equality/dirty checking involving this Java type.  Consider registering a custom JavaTypeDescriptor or at least implementing equals/hashCode.
2023-05-13 16:05:03 [restartedMain] WARN  o.h.t.d.j.JavaTypeDescriptorRegistry - HHH000481: Encountered Java type [class java.lang.Object] for which we could not locate a JavaTypeDescriptor and which does not appear to implement equals and/or hashCode.  This can lead to significant performance problems when performing equality/dirty checking involving this Java type.  Consider registering a custom JavaTypeDescriptor or at least implementing equals/hashCode.
2023-05-13 16:05:03 [restartedMain] WARN  o.h.t.d.j.JavaTypeDescriptorRegistry - HHH000481: Encountered Java type [class java.lang.Object] for which we could not locate a JavaTypeDescriptor and which does not appear to implement equals and/or hashCode.  This can lead to significant performance problems when performing equality/dirty checking involving this Java type.  Consider registering a custom JavaTypeDescriptor or at least implementing equals/hashCode.
2023-05-13 16:05:05 [restartedMain] INFO  o.h.e.t.j.p.i.JtaPlatformInitiator - HHH000490: Using JtaPlatform implementation: [org.hibernate.engine.transaction.jta.platform.internal.NoJtaPlatform]
2023-05-13 16:05:05 [restartedMain] INFO  o.s.o.j.LocalContainerEntityManagerFactoryBean - Initialized JPA EntityManagerFactory for persistence unit 'default'
2023-05-13 16:05:05 [restartedMain] WARN  o.s.b.a.o.j.JpaBaseConfiguration$JpaWebConfiguration - spring.jpa.open-in-view is enabled by default. Therefore, database queries may be performed during view rendering. Explicitly configure spring.jpa.open-in-view to disable this warning
2023-05-13 16:05:06 [restartedMain] INFO  o.s.s.web.DefaultSecurityFilterChain - Will secure any request with [org.springframework.security.web.session.DisableEncodeUrlFilter@412dafca, org.springframework.security.web.context.request.async.WebAsyncManagerIntegrationFilter@a0b438a, org.springframework.security.web.context.SecurityContextPersistenceFilter@3a4d6952, org.springframework.security.web.header.HeaderWriterFilter@28400a5, org.springframework.web.filter.CorsFilter@18e69ade, org.springframework.security.web.authentication.logout.LogoutFilter@360e6ea2, com.had.selfhelp.jwt.AuthTokenFilter@ee1987b, org.springframework.security.web.savedrequest.RequestCacheAwareFilter@930e57b, org.springframework.security.web.servletapi.SecurityContextHolderAwareRequestFilter@3af8fbfd, org.springframework.security.web.authentication.AnonymousAuthenticationFilter@2a5a00c7, org.springframework.security.web.session.SessionManagementFilter@516ce180, org.springframework.security.web.access.ExceptionTranslationFilter@54a256be, org.springframework.security.web.access.intercept.FilterSecurityInterceptor@6ab154c0]
2023-05-13 16:05:07 [restartedMain] INFO  o.s.b.d.a.OptionalLiveReloadServer - LiveReload server is running on port 35729
2023-05-13 16:05:07 [restartedMain] INFO  o.s.b.w.e.tomcat.TomcatWebServer - Tomcat started on port(s): 8081 (http) with context path ''
2023-05-13 16:05:07 [restartedMain] INFO  com.had.selfhelp.SelfhelpApplication - Started SelfhelpApplication in 8.893 seconds (JVM running for 10.322)
2023-05-13 16:05:12 [SpringApplicationShutdownHook] INFO  o.s.o.j.LocalContainerEntityManagerFactoryBean - Closing JPA EntityManagerFactory for persistence unit 'default'
2023-05-13 16:05:12 [SpringApplicationShutdownHook] INFO  com.zaxxer.hikari.HikariDataSource - HikariPool-1 - Shutdown initiated...
2023-05-13 16:05:12 [SpringApplicationShutdownHook] INFO  com.zaxxer.hikari.HikariDataSource - HikariPool-1 - Shutdown completed.
2023-12-12 19:31:29 [main] INFO  com.had.selfhelp.SelfhelpApplication - Starting SelfhelpApplication v0.0.1-SNAPSHOT using Java 11.0.21 on sarthak-Inspiron-5502 with PID 254997 (/home/sarthak/College/Sem-7/SPE/Mega-Project/MegaProject/TicketResolver_Backend/target/ticketresolver-0.0.1-SNAPSHOT.jar started by sarthak in /home/sarthak/College/Sem-7/SPE/Mega-Project/MegaProject/TicketResolver_Backend)
2023-12-12 19:31:29 [main] INFO  com.had.selfhelp.SelfhelpApplication - No active profile set, falling back to 1 default profile: "default"
2023-12-12 19:31:29 [main] INFO  o.s.d.r.c.RepositoryConfigurationDelegate - Bootstrapping Spring Data JPA repositories in DEFAULT mode.
2023-12-12 19:31:29 [main] INFO  o.s.d.r.c.RepositoryConfigurationDelegate - Finished Spring Data repository scanning in 67 ms. Found 4 JPA repository interfaces.
2023-12-12 19:31:30 [main] INFO  o.s.b.w.e.tomcat.TomcatWebServer - Tomcat initialized with port(s): 8081 (http)
2023-12-12 19:31:30 [main] INFO  o.a.catalina.core.StandardService - Starting service [Tomcat]
2023-12-12 19:31:30 [main] INFO  o.a.catalina.core.StandardEngine - Starting Servlet engine: [Apache Tomcat/9.0.71]
2023-12-12 19:31:30 [main] INFO  o.a.c.c.C.[Tomcat].[localhost].[/] - Initializing Spring embedded WebApplicationContext
2023-12-12 19:31:30 [main] INFO  o.s.b.w.s.c.ServletWebServerApplicationContext - Root WebApplicationContext: initialization completed in 1854 ms
2023-12-12 19:31:30 [main] INFO  c.had.selfhelp.util.SimpleCORSFilter - SimpleCORSFilter init
2023-12-12 19:31:31 [main] INFO  o.h.jpa.internal.util.LogHelper - HHH000204: Processing PersistenceUnitInfo [name: default]
2023-12-12 19:31:31 [main] INFO  org.hibernate.Version - HHH000412: Hibernate ORM core version 5.6.14.Final
2023-12-12 19:31:31 [main] INFO  o.h.annotations.common.Version - HCANN000001: Hibernate Commons Annotations {5.1.2.Final}
2023-12-12 19:31:31 [main] INFO  com.zaxxer.hikari.HikariDataSource - HikariPool-1 - Starting...
2023-12-12 19:31:32 [main] INFO  com.zaxxer.hikari.HikariDataSource - HikariPool-1 - Start completed.
2023-12-12 19:31:32 [main] INFO  org.hibernate.dialect.Dialect - HHH000400: Using dialect: org.hibernate.dialect.MySQL8Dialect
2023-12-12 19:31:32 [main] WARN  o.h.t.d.j.JavaTypeDescriptorRegistry - HHH000481: Encountered Java type [class java.lang.Object] for which we could not locate a JavaTypeDescriptor and which does not appear to implement equals and/or hashCode.  This can lead to significant performance problems when performing equality/dirty checking involving this Java type.  Consider registering a custom JavaTypeDescriptor or at least implementing equals/hashCode.
2023-12-12 19:31:32 [main] WARN  o.h.t.d.j.JavaTypeDescriptorRegistry - HHH000481: Encountered Java type [class java.lang.Object] for which we could not locate a JavaTypeDescriptor and which does not appear to implement equals and/or hashCode.  This can lead to significant performance problems when performing equality/dirty checking involving this Java type.  Consider registering a custom JavaTypeDescriptor or at least implementing equals/hashCode.
2023-12-12 19:31:32 [main] WARN  o.h.t.d.j.JavaTypeDescriptorRegistry - HHH000481: Encountered Java type [class java.lang.Object] for which we could not locate a JavaTypeDescriptor and which does not appear to implement equals and/or hashCode.  This can lead to significant performance problems when performing equality/dirty checking involving this Java type.  Consider registering a custom JavaTypeDescriptor or at least implementing equals/hashCode.
2023-12-12 19:31:32 [main] WARN  o.h.t.d.j.JavaTypeDescriptorRegistry - HHH000481: Encountered Java type [class java.lang.Object] for which we could not locate a JavaTypeDescriptor and which does not appear to implement equals and/or hashCode.  This can lead to significant performance problems when performing equality/dirty checking involving this Java type.  Consider registering a custom JavaTypeDescriptor or at least implementing equals/hashCode.
2023-12-12 19:31:32 [main] WARN  o.h.t.d.j.JavaTypeDescriptorRegistry - HHH000481: Encountered Java type [class java.lang.Object] for which we could not locate a JavaTypeDescriptor and which does not appear to implement equals and/or hashCode.  This can lead to significant performance problems when performing equality/dirty checking involving this Java type.  Consider registering a custom JavaTypeDescriptor or at least implementing equals/hashCode.
2023-12-12 19:31:33 [main] INFO  o.h.e.t.j.p.i.JtaPlatformInitiator - HHH000490: Using JtaPlatform implementation: [org.hibernate.engine.transaction.jta.platform.internal.NoJtaPlatform]
2023-12-12 19:31:33 [main] INFO  o.s.o.j.LocalContainerEntityManagerFactoryBean - Initialized JPA EntityManagerFactory for persistence unit 'default'
2023-12-12 19:31:34 [main] WARN  o.s.b.a.o.j.JpaBaseConfiguration$JpaWebConfiguration - spring.jpa.open-in-view is enabled by default. Therefore, database queries may be performed during view rendering. Explicitly configure spring.jpa.open-in-view to disable this warning
2023-12-12 19:31:34 [main] INFO  o.s.s.web.DefaultSecurityFilterChain - Will secure any request with [org.springframework.security.web.session.DisableEncodeUrlFilter@462abec3, org.springframework.security.web.context.request.async.WebAsyncManagerIntegrationFilter@35c9a231, org.springframework.security.web.context.SecurityContextPersistenceFilter@f1f7db2, org.springframework.security.web.header.HeaderWriterFilter@403c3a01, org.springframework.web.filter.CorsFilter@7a4d582c, org.springframework.security.web.authentication.logout.LogoutFilter@3d1f558a, com.had.selfhelp.jwt.AuthTokenFilter@671c4166, org.springframework.security.web.savedrequest.RequestCacheAwareFilter@7c3e4b1a, org.springframework.security.web.servletapi.SecurityContextHolderAwareRequestFilter@2513a118, org.springframework.security.web.authentication.AnonymousAuthenticationFilter@5626d18c, org.springframework.security.web.session.SessionManagementFilter@1b5a1d85, org.springframework.security.web.access.ExceptionTranslationFilter@633cc6b5, org.springframework.security.web.access.intercept.FilterSecurityInterceptor@7ff19c33]
2023-12-12 19:31:35 [main] INFO  o.s.b.w.e.tomcat.TomcatWebServer - Tomcat started on port(s): 8081 (http) with context path ''
2023-12-12 19:31:35 [main] INFO  com.had.selfhelp.SelfhelpApplication - Started SelfhelpApplication in 6.575 seconds (JVM running for 7.081)
2023-12-12 19:31:46 [http-nio-8081-exec-2] INFO  o.a.tomcat.util.http.parser.Cookie - A cookie header was received [g_state={"i_l":0};] that contained an invalid cookie. That cookie will be ignored.
 Note: further occurrences of this error will be logged at DEBUG level.
2023-12-12 19:31:46 [http-nio-8081-exec-2] INFO  o.a.c.c.C.[Tomcat].[localhost].[/] - Initializing Spring DispatcherServlet 'dispatcherServlet'
2023-12-12 19:31:46 [http-nio-8081-exec-2] INFO  o.s.web.servlet.DispatcherServlet - Initializing Servlet 'dispatcherServlet'
2023-12-12 19:31:46 [http-nio-8081-exec-2] INFO  o.s.web.servlet.DispatcherServlet - Completed initialization in 2 ms
2023-12-12 19:31:46 [http-nio-8081-exec-2] ERROR c.had.selfhelp.jwt.AuthEntryPointJwt - Unauthorized error: Full authentication is required to access this resource
2023-12-12 19:34:33 [http-nio-8081-exec-3] ERROR c.had.selfhelp.jwt.AuthEntryPointJwt - Unauthorized error: Full authentication is required to access this resource
2023-12-12 19:34:33 [http-nio-8081-exec-4] ERROR c.had.selfhelp.jwt.AuthEntryPointJwt - Unauthorized error: Full authentication is required to access this resource
2023-12-12 19:34:43 [http-nio-8081-exec-5] ERROR c.had.selfhelp.jwt.AuthEntryPointJwt - Unauthorized error: Full authentication is required to access this resource
2023-12-12 19:35:36 [http-nio-8081-exec-6] ERROR c.had.selfhelp.jwt.AuthEntryPointJwt - Unauthorized error: Full authentication is required to access this resource
2023-12-12 19:35:43 [SpringApplicationShutdownHook] INFO  o.s.o.j.LocalContainerEntityManagerFactoryBean - Closing JPA EntityManagerFactory for persistence unit 'default'
2023-12-12 19:35:43 [SpringApplicationShutdownHook] INFO  com.zaxxer.hikari.HikariDataSource - HikariPool-1 - Shutdown initiated...
2023-12-12 19:35:43 [SpringApplicationShutdownHook] INFO  com.zaxxer.hikari.HikariDataSource - HikariPool-1 - Shutdown completed.
2023-12-12 19:35:47 [main] INFO  com.had.selfhelp.SelfhelpApplication - Starting SelfhelpApplication v0.0.1-SNAPSHOT using Java 11.0.21 on sarthak-Inspiron-5502 with PID 257917 (/home/sarthak/College/Sem-7/SPE/Mega-Project/MegaProject/TicketResolver_Backend/target/ticketresolver-0.0.1-SNAPSHOT.jar started by sarthak in /home/sarthak/College/Sem-7/SPE/Mega-Project/MegaProject/TicketResolver_Backend)
2023-12-12 19:35:47 [main] INFO  com.had.selfhelp.SelfhelpApplication - No active profile set, falling back to 1 default profile: "default"
2023-12-12 19:35:48 [main] INFO  o.s.d.r.c.RepositoryConfigurationDelegate - Bootstrapping Spring Data JPA repositories in DEFAULT mode.
2023-12-12 19:35:48 [main] INFO  o.s.d.r.c.RepositoryConfigurationDelegate - Finished Spring Data repository scanning in 73 ms. Found 4 JPA repository interfaces.
2023-12-12 19:35:49 [main] INFO  o.s.b.w.e.tomcat.TomcatWebServer - Tomcat initialized with port(s): 8081 (http)
2023-12-12 19:35:49 [main] INFO  o.a.catalina.core.StandardService - Starting service [Tomcat]
2023-12-12 19:35:49 [main] INFO  o.a.catalina.core.StandardEngine - Starting Servlet engine: [Apache Tomcat/9.0.71]
2023-12-12 19:35:49 [main] INFO  o.a.c.c.C.[Tomcat].[localhost].[/] - Initializing Spring embedded WebApplicationContext
2023-12-12 19:35:49 [main] INFO  o.s.b.w.s.c.ServletWebServerApplicationContext - Root WebApplicationContext: initialization completed in 1957 ms
2023-12-12 19:35:49 [main] INFO  c.had.selfhelp.util.SimpleCORSFilter - SimpleCORSFilter init
2023-12-12 19:35:50 [main] INFO  o.h.jpa.internal.util.LogHelper - HHH000204: Processing PersistenceUnitInfo [name: default]
2023-12-12 19:35:50 [main] INFO  org.hibernate.Version - HHH000412: Hibernate ORM core version 5.6.14.Final
2023-12-12 19:35:50 [main] INFO  o.h.annotations.common.Version - HCANN000001: Hibernate Commons Annotations {5.1.2.Final}
2023-12-12 19:35:50 [main] INFO  com.zaxxer.hikari.HikariDataSource - HikariPool-1 - Starting...
2023-12-12 19:35:51 [main] INFO  com.zaxxer.hikari.HikariDataSource - HikariPool-1 - Start completed.
2023-12-12 19:35:51 [main] INFO  org.hibernate.dialect.Dialect - HHH000400: Using dialect: org.hibernate.dialect.MySQL8Dialect
2023-12-12 19:35:51 [main] WARN  o.h.t.d.j.JavaTypeDescriptorRegistry - HHH000481: Encountered Java type [class java.lang.Object] for which we could not locate a JavaTypeDescriptor and which does not appear to implement equals and/or hashCode.  This can lead to significant performance problems when performing equality/dirty checking involving this Java type.  Consider registering a custom JavaTypeDescriptor or at least implementing equals/hashCode.
2023-12-12 19:35:51 [main] WARN  o.h.t.d.j.JavaTypeDescriptorRegistry - HHH000481: Encountered Java type [class java.lang.Object] for which we could not locate a JavaTypeDescriptor and which does not appear to implement equals and/or hashCode.  This can lead to significant performance problems when performing equality/dirty checking involving this Java type.  Consider registering a custom JavaTypeDescriptor or at least implementing equals/hashCode.
2023-12-12 19:35:51 [main] WARN  o.h.t.d.j.JavaTypeDescriptorRegistry - HHH000481: Encountered Java type [class java.lang.Object] for which we could not locate a JavaTypeDescriptor and which does not appear to implement equals and/or hashCode.  This can lead to significant performance problems when performing equality/dirty checking involving this Java type.  Consider registering a custom JavaTypeDescriptor or at least implementing equals/hashCode.
2023-12-12 19:35:51 [main] WARN  o.h.t.d.j.JavaTypeDescriptorRegistry - HHH000481: Encountered Java type [class java.lang.Object] for which we could not locate a JavaTypeDescriptor and which does not appear to implement equals and/or hashCode.  This can lead to significant performance problems when performing equality/dirty checking involving this Java type.  Consider registering a custom JavaTypeDescriptor or at least implementing equals/hashCode.
2023-12-12 19:35:51 [main] WARN  o.h.t.d.j.JavaTypeDescriptorRegistry - HHH000481: Encountered Java type [class java.lang.Object] for which we could not locate a JavaTypeDescriptor and which does not appear to implement equals and/or hashCode.  This can lead to significant performance problems when performing equality/dirty checking involving this Java type.  Consider registering a custom JavaTypeDescriptor or at least implementing equals/hashCode.
2023-12-12 19:35:52 [main] INFO  o.h.e.t.j.p.i.JtaPlatformInitiator - HHH000490: Using JtaPlatform implementation: [org.hibernate.engine.transaction.jta.platform.internal.NoJtaPlatform]
2023-12-12 19:35:52 [main] INFO  o.s.o.j.LocalContainerEntityManagerFactoryBean - Initialized JPA EntityManagerFactory for persistence unit 'default'
2023-12-12 19:35:53 [main] WARN  o.s.b.a.o.j.JpaBaseConfiguration$JpaWebConfiguration - spring.jpa.open-in-view is enabled by default. Therefore, database queries may be performed during view rendering. Explicitly configure spring.jpa.open-in-view to disable this warning
2023-12-12 19:35:54 [main] INFO  o.s.s.web.DefaultSecurityFilterChain - Will secure any request with [org.springframework.security.web.session.DisableEncodeUrlFilter@34332b8d, org.springframework.security.web.context.request.async.WebAsyncManagerIntegrationFilter@724b939e, org.springframework.security.web.context.SecurityContextPersistenceFilter@5ceecfee, org.springframework.security.web.header.HeaderWriterFilter@16a35bd, org.springframework.web.filter.CorsFilter@6f8aba08, org.springframework.security.web.authentication.logout.LogoutFilter@2629d5dc, com.had.selfhelp.jwt.AuthTokenFilter@52ff99cd, org.springframework.security.web.savedrequest.RequestCacheAwareFilter@28ee7bee, org.springframework.security.web.servletapi.SecurityContextHolderAwareRequestFilter@54755dd9, org.springframework.security.web.authentication.AnonymousAuthenticationFilter@7ff19c33, org.springframework.security.web.session.SessionManagementFilter@403c3a01, org.springframework.security.web.access.ExceptionTranslationFilter@36aa52d2, org.springframework.security.web.access.intercept.FilterSecurityInterceptor@33feb805]
2023-12-12 19:35:54 [main] INFO  o.s.b.w.e.tomcat.TomcatWebServer - Tomcat started on port(s): 8081 (http) with context path ''
2023-12-12 19:35:54 [main] INFO  com.had.selfhelp.SelfhelpApplication - Started SelfhelpApplication in 7.85 seconds (JVM running for 8.43)
2023-12-12 19:36:12 [http-nio-8081-exec-1] INFO  o.a.c.c.C.[Tomcat].[localhost].[/] - Initializing Spring DispatcherServlet 'dispatcherServlet'
2023-12-12 19:36:12 [http-nio-8081-exec-1] INFO  o.s.web.servlet.DispatcherServlet - Initializing Servlet 'dispatcherServlet'
2023-12-12 19:36:12 [http-nio-8081-exec-1] INFO  o.s.web.servlet.DispatcherServlet - Completed initialization in 2 ms
2023-12-12 19:36:12 [http-nio-8081-exec-1] ERROR c.had.selfhelp.jwt.AuthEntryPointJwt - Unauthorized error: Full authentication is required to access this resource
2023-12-12 19:36:22 [SpringApplicationShutdownHook] INFO  o.s.o.j.LocalContainerEntityManagerFactoryBean - Closing JPA EntityManagerFactory for persistence unit 'default'
2023-12-12 19:36:22 [SpringApplicationShutdownHook] INFO  com.zaxxer.hikari.HikariDataSource - HikariPool-1 - Shutdown initiated...
2023-12-12 19:36:22 [SpringApplicationShutdownHook] INFO  com.zaxxer.hikari.HikariDataSource - HikariPool-1 - Shutdown completed.
2023-12-12 19:36:30 [main] INFO  com.had.selfhelp.SelfhelpApplication - Starting SelfhelpApplication v0.0.1-SNAPSHOT using Java 11.0.21 on sarthak-Inspiron-5502 with PID 258671 (/home/sarthak/College/Sem-7/SPE/Mega-Project/MegaProject/TicketResolver_Backend/target/ticketresolver-0.0.1-SNAPSHOT.jar started by root in /home/sarthak/College/Sem-7/SPE/Mega-Project/MegaProject/TicketResolver_Backend)
2023-12-12 19:36:30 [main] INFO  com.had.selfhelp.SelfhelpApplication - No active profile set, falling back to 1 default profile: "default"
2023-12-12 19:36:31 [main] INFO  o.s.d.r.c.RepositoryConfigurationDelegate - Bootstrapping Spring Data JPA repositories in DEFAULT mode.
2023-12-12 19:36:31 [main] INFO  o.s.d.r.c.RepositoryConfigurationDelegate - Finished Spring Data repository scanning in 78 ms. Found 4 JPA repository interfaces.
2023-12-12 19:36:31 [main] INFO  o.s.b.w.e.tomcat.TomcatWebServer - Tomcat initialized with port(s): 8081 (http)
2023-12-12 19:36:32 [main] INFO  o.a.catalina.core.StandardService - Starting service [Tomcat]
2023-12-12 19:36:32 [main] INFO  o.a.catalina.core.StandardEngine - Starting Servlet engine: [Apache Tomcat/9.0.71]
2023-12-12 19:36:32 [main] INFO  o.a.c.c.C.[Tomcat].[localhost].[/] - Initializing Spring embedded WebApplicationContext
2023-12-12 19:36:32 [main] INFO  o.s.b.w.s.c.ServletWebServerApplicationContext - Root WebApplicationContext: initialization completed in 1685 ms
2023-12-12 19:36:32 [main] INFO  c.had.selfhelp.util.SimpleCORSFilter - SimpleCORSFilter init
2023-12-12 19:36:32 [main] INFO  o.h.jpa.internal.util.LogHelper - HHH000204: Processing PersistenceUnitInfo [name: default]
2023-12-12 19:36:32 [main] INFO  org.hibernate.Version - HHH000412: Hibernate ORM core version 5.6.14.Final
2023-12-12 19:36:32 [main] INFO  o.h.annotations.common.Version - HCANN000001: Hibernate Commons Annotations {5.1.2.Final}
2023-12-12 19:36:32 [main] INFO  com.zaxxer.hikari.HikariDataSource - HikariPool-1 - Starting...
2023-12-12 19:36:33 [main] INFO  com.zaxxer.hikari.HikariDataSource - HikariPool-1 - Start completed.
2023-12-12 19:36:33 [main] INFO  org.hibernate.dialect.Dialect - HHH000400: Using dialect: org.hibernate.dialect.MySQL8Dialect
2023-12-12 19:36:33 [main] WARN  o.h.t.d.j.JavaTypeDescriptorRegistry - HHH000481: Encountered Java type [class java.lang.Object] for which we could not locate a JavaTypeDescriptor and which does not appear to implement equals and/or hashCode.  This can lead to significant performance problems when performing equality/dirty checking involving this Java type.  Consider registering a custom JavaTypeDescriptor or at least implementing equals/hashCode.
2023-12-12 19:36:33 [main] WARN  o.h.t.d.j.JavaTypeDescriptorRegistry - HHH000481: Encountered Java type [class java.lang.Object] for which we could not locate a JavaTypeDescriptor and which does not appear to implement equals and/or hashCode.  This can lead to significant performance problems when performing equality/dirty checking involving this Java type.  Consider registering a custom JavaTypeDescriptor or at least implementing equals/hashCode.
2023-12-12 19:36:33 [main] WARN  o.h.t.d.j.JavaTypeDescriptorRegistry - HHH000481: Encountered Java type [class java.lang.Object] for which we could not locate a JavaTypeDescriptor and which does not appear to implement equals and/or hashCode.  This can lead to significant performance problems when performing equality/dirty checking involving this Java type.  Consider registering a custom JavaTypeDescriptor or at least implementing equals/hashCode.
2023-12-12 19:36:33 [main] WARN  o.h.t.d.j.JavaTypeDescriptorRegistry - HHH000481: Encountered Java type [class java.lang.Object] for which we could not locate a JavaTypeDescriptor and which does not appear to implement equals and/or hashCode.  This can lead to significant performance problems when performing equality/dirty checking involving this Java type.  Consider registering a custom JavaTypeDescriptor or at least implementing equals/hashCode.
2023-12-12 19:36:33 [main] WARN  o.h.t.d.j.JavaTypeDescriptorRegistry - HHH000481: Encountered Java type [class java.lang.Object] for which we could not locate a JavaTypeDescriptor and which does not appear to implement equals and/or hashCode.  This can lead to significant performance problems when performing equality/dirty checking involving this Java type.  Consider registering a custom JavaTypeDescriptor or at least implementing equals/hashCode.
2023-12-12 19:36:35 [main] INFO  o.h.e.t.j.p.i.JtaPlatformInitiator - HHH000490: Using JtaPlatform implementation: [org.hibernate.engine.transaction.jta.platform.internal.NoJtaPlatform]
2023-12-12 19:36:35 [main] INFO  o.s.o.j.LocalContainerEntityManagerFactoryBean - Initialized JPA EntityManagerFactory for persistence unit 'default'
2023-12-12 19:36:35 [main] WARN  o.s.b.a.o.j.JpaBaseConfiguration$JpaWebConfiguration - spring.jpa.open-in-view is enabled by default. Therefore, database queries may be performed during view rendering. Explicitly configure spring.jpa.open-in-view to disable this warning
2023-12-12 19:36:36 [main] INFO  o.s.s.web.DefaultSecurityFilterChain - Will secure any request with [org.springframework.security.web.session.DisableEncodeUrlFilter@5626d18c, org.springframework.security.web.context.request.async.WebAsyncManagerIntegrationFilter@45e9b12d, org.springframework.security.web.context.SecurityContextPersistenceFilter@2db4ad1, org.springframework.security.web.header.HeaderWriterFilter@5ceecfee, org.springframework.web.filter.CorsFilter@3dc95b8b, org.springframework.security.web.authentication.logout.LogoutFilter@2b5c4f17, com.had.selfhelp.jwt.AuthTokenFilter@12e5da86, org.springframework.security.web.savedrequest.RequestCacheAwareFilter@2513a118, org.springframework.security.web.servletapi.SecurityContextHolderAwareRequestFilter@6fc1020a, org.springframework.security.web.authentication.AnonymousAuthenticationFilter@2d55e826, org.springframework.security.web.session.SessionManagementFilter@f1f7db2, org.springframework.security.web.access.ExceptionTranslationFilter@2daf06fc, org.springframework.security.web.access.intercept.FilterSecurityInterceptor@462abec3]
2023-12-12 19:36:36 [main] INFO  o.s.b.w.e.tomcat.TomcatWebServer - Tomcat started on port(s): 8081 (http) with context path ''
2023-12-12 19:36:36 [main] INFO  com.had.selfhelp.SelfhelpApplication - Started SelfhelpApplication in 7.206 seconds (JVM running for 7.652)
2023-12-12 19:36:42 [http-nio-8081-exec-1] INFO  o.a.c.c.C.[Tomcat].[localhost].[/] - Initializing Spring DispatcherServlet 'dispatcherServlet'
2023-12-12 19:36:42 [http-nio-8081-exec-1] INFO  o.s.web.servlet.DispatcherServlet - Initializing Servlet 'dispatcherServlet'
2023-12-12 19:36:42 [http-nio-8081-exec-1] INFO  o.s.web.servlet.DispatcherServlet - Completed initialization in 1 ms
2023-12-12 19:36:42 [http-nio-8081-exec-1] ERROR c.had.selfhelp.jwt.AuthEntryPointJwt - Unauthorized error: Full authentication is required to access this resource
2023-12-12 19:38:59 [SpringApplicationShutdownHook] INFO  o.s.o.j.LocalContainerEntityManagerFactoryBean - Closing JPA EntityManagerFactory for persistence unit 'default'
2023-12-12 19:38:59 [SpringApplicationShutdownHook] INFO  com.zaxxer.hikari.HikariDataSource - HikariPool-1 - Shutdown initiated...
2023-12-12 19:38:59 [SpringApplicationShutdownHook] INFO  com.zaxxer.hikari.HikariDataSource - HikariPool-1 - Shutdown completed.
2023-12-12 19:39:19 [main] INFO  com.had.selfhelp.SelfhelpApplication - Starting SelfhelpApplication v0.0.1-SNAPSHOT using Java 11.0.21 on sarthak-Inspiron-5502 with PID 260662 (/home/sarthak/College/Sem-7/SPE/Mega-Project/MegaProject/TicketResolver_Backend/target/ticketresolver-0.0.1-SNAPSHOT.jar started by root in /home/sarthak/College/Sem-7/SPE/Mega-Project/MegaProject/TicketResolver_Backend)
2023-12-12 19:39:19 [main] INFO  com.had.selfhelp.SelfhelpApplication - No active profile set, falling back to 1 default profile: "default"
2023-12-12 19:39:20 [main] INFO  o.s.d.r.c.RepositoryConfigurationDelegate - Bootstrapping Spring Data JPA repositories in DEFAULT mode.
2023-12-12 19:39:20 [main] INFO  o.s.d.r.c.RepositoryConfigurationDelegate - Finished Spring Data repository scanning in 70 ms. Found 4 JPA repository interfaces.
2023-12-12 19:39:21 [main] INFO  o.s.b.w.e.tomcat.TomcatWebServer - Tomcat initialized with port(s): 8081 (http)
2023-12-12 19:39:21 [main] INFO  o.a.catalina.core.StandardService - Starting service [Tomcat]
2023-12-12 19:39:21 [main] INFO  o.a.catalina.core.StandardEngine - Starting Servlet engine: [Apache Tomcat/9.0.71]
2023-12-12 19:39:21 [main] INFO  o.a.c.c.C.[Tomcat].[localhost].[/] - Initializing Spring embedded WebApplicationContext
2023-12-12 19:39:21 [main] INFO  o.s.b.w.s.c.ServletWebServerApplicationContext - Root WebApplicationContext: initialization completed in 1854 ms
2023-12-12 19:39:21 [main] INFO  c.had.selfhelp.util.SimpleCORSFilter - SimpleCORSFilter init
2023-12-12 19:39:21 [main] INFO  o.h.jpa.internal.util.LogHelper - HHH000204: Processing PersistenceUnitInfo [name: default]
2023-12-12 19:39:21 [main] INFO  org.hibernate.Version - HHH000412: Hibernate ORM core version 5.6.14.Final
2023-12-12 19:39:21 [main] INFO  o.h.annotations.common.Version - HCANN000001: Hibernate Commons Annotations {5.1.2.Final}
2023-12-12 19:39:22 [main] INFO  com.zaxxer.hikari.HikariDataSource - HikariPool-1 - Starting...
2023-12-12 19:39:22 [main] INFO  com.zaxxer.hikari.HikariDataSource - HikariPool-1 - Start completed.
2023-12-12 19:39:22 [main] INFO  org.hibernate.dialect.Dialect - HHH000400: Using dialect: org.hibernate.dialect.MySQL8Dialect
2023-12-12 19:39:22 [main] WARN  o.h.t.d.j.JavaTypeDescriptorRegistry - HHH000481: Encountered Java type [class java.lang.Object] for which we could not locate a JavaTypeDescriptor and which does not appear to implement equals and/or hashCode.  This can lead to significant performance problems when performing equality/dirty checking involving this Java type.  Consider registering a custom JavaTypeDescriptor or at least implementing equals/hashCode.
2023-12-12 19:39:22 [main] WARN  o.h.t.d.j.JavaTypeDescriptorRegistry - HHH000481: Encountered Java type [class java.lang.Object] for which we could not locate a JavaTypeDescriptor and which does not appear to implement equals and/or hashCode.  This can lead to significant performance problems when performing equality/dirty checking involving this Java type.  Consider registering a custom JavaTypeDescriptor or at least implementing equals/hashCode.
2023-12-12 19:39:22 [main] WARN  o.h.t.d.j.JavaTypeDescriptorRegistry - HHH000481: Encountered Java type [class java.lang.Object] for which we could not locate a JavaTypeDescriptor and which does not appear to implement equals and/or hashCode.  This can lead to significant performance problems when performing equality/dirty checking involving this Java type.  Consider registering a custom JavaTypeDescriptor or at least implementing equals/hashCode.
2023-12-12 19:39:22 [main] WARN  o.h.t.d.j.JavaTypeDescriptorRegistry - HHH000481: Encountered Java type [class java.lang.Object] for which we could not locate a JavaTypeDescriptor and which does not appear to implement equals and/or hashCode.  This can lead to significant performance problems when performing equality/dirty checking involving this Java type.  Consider registering a custom JavaTypeDescriptor or at least implementing equals/hashCode.
2023-12-12 19:39:22 [main] WARN  o.h.t.d.j.JavaTypeDescriptorRegistry - HHH000481: Encountered Java type [class java.lang.Object] for which we could not locate a JavaTypeDescriptor and which does not appear to implement equals and/or hashCode.  This can lead to significant performance problems when performing equality/dirty checking involving this Java type.  Consider registering a custom JavaTypeDescriptor or at least implementing equals/hashCode.
2023-12-12 19:39:23 [main] INFO  o.h.e.t.j.p.i.JtaPlatformInitiator - HHH000490: Using JtaPlatform implementation: [org.hibernate.engine.transaction.jta.platform.internal.NoJtaPlatform]
2023-12-12 19:39:23 [main] INFO  o.s.o.j.LocalContainerEntityManagerFactoryBean - Initialized JPA EntityManagerFactory for persistence unit 'default'
2023-12-12 19:39:24 [main] WARN  o.s.b.a.o.j.JpaBaseConfiguration$JpaWebConfiguration - spring.jpa.open-in-view is enabled by default. Therefore, database queries may be performed during view rendering. Explicitly configure spring.jpa.open-in-view to disable this warning
2023-12-12 19:39:24 [main] INFO  o.s.s.web.DefaultSecurityFilterChain - Will secure any request with [org.springframework.security.web.session.DisableEncodeUrlFilter@52b3bf03, org.springframework.security.web.context.request.async.WebAsyncManagerIntegrationFilter@7cca01a8, org.springframework.security.web.context.SecurityContextPersistenceFilter@31e130bf, org.springframework.security.web.header.HeaderWriterFilter@633cc6b5, org.springframework.web.filter.CorsFilter@462abec3, org.springframework.security.web.authentication.logout.LogoutFilter@6e4599c0, com.had.selfhelp.jwt.AuthTokenFilter@5ad5be4a, org.springframework.security.web.savedrequest.RequestCacheAwareFilter@f1f7db2, org.springframework.security.web.servletapi.SecurityContextHolderAwareRequestFilter@2db4ad1, org.springframework.security.web.authentication.AnonymousAuthenticationFilter@35c9a231, org.springframework.security.web.session.SessionManagementFilter@7da31a40, org.springframework.security.web.access.ExceptionTranslationFilter@6f798482, org.springframework.security.web.access.intercept.FilterSecurityInterceptor@724b939e]
2023-12-12 19:39:25 [main] INFO  o.s.b.w.e.tomcat.TomcatWebServer - Tomcat started on port(s): 8081 (http) with context path ''
2023-12-12 19:39:25 [main] INFO  com.had.selfhelp.SelfhelpApplication - Started SelfhelpApplication in 6.484 seconds (JVM running for 6.922)
2023-12-12 19:39:29 [http-nio-8081-exec-1] INFO  o.a.c.c.C.[Tomcat].[localhost].[/] - Initializing Spring DispatcherServlet 'dispatcherServlet'
2023-12-12 19:39:29 [http-nio-8081-exec-1] INFO  o.s.web.servlet.DispatcherServlet - Initializing Servlet 'dispatcherServlet'
2023-12-12 19:39:29 [http-nio-8081-exec-1] INFO  o.s.web.servlet.DispatcherServlet - Completed initialization in 2 ms
2023-12-12 19:39:29 [http-nio-8081-exec-1] ERROR c.had.selfhelp.jwt.AuthEntryPointJwt - Unauthorized error: Full authentication is required to access this resource
2023-12-12 19:41:40 [SpringApplicationShutdownHook] INFO  o.s.o.j.LocalContainerEntityManagerFactoryBean - Closing JPA EntityManagerFactory for persistence unit 'default'
2023-12-12 19:41:40 [SpringApplicationShutdownHook] INFO  com.zaxxer.hikari.HikariDataSource - HikariPool-1 - Shutdown initiated...
2023-12-12 19:41:40 [SpringApplicationShutdownHook] INFO  com.zaxxer.hikari.HikariDataSource - HikariPool-1 - Shutdown completed.
2023-12-12 19:51:40 [main] INFO  com.had.selfhelp.SelfhelpApplication - Starting SelfhelpApplication v0.0.1-SNAPSHOT using Java 11.0.21 on sarthak-Inspiron-5502 with PID 268788 (/home/sarthak/College/Sem-7/SPE/Mega-Project/MegaProject/TicketResolver_Backend/target/ticketresolver-0.0.1-SNAPSHOT.jar started by sarthak in /home/sarthak/College/Sem-7/SPE/Mega-Project/MegaProject/TicketResolver_Backend)
2023-12-12 19:51:40 [main] INFO  com.had.selfhelp.SelfhelpApplication - No active profile set, falling back to 1 default profile: "default"
2023-12-12 19:51:41 [main] INFO  o.s.d.r.c.RepositoryConfigurationDelegate - Bootstrapping Spring Data JPA repositories in DEFAULT mode.
2023-12-12 19:51:41 [main] INFO  o.s.d.r.c.RepositoryConfigurationDelegate - Finished Spring Data repository scanning in 72 ms. Found 4 JPA repository interfaces.
2023-12-12 19:51:42 [main] INFO  o.s.b.w.e.tomcat.TomcatWebServer - Tomcat initialized with port(s): 8081 (http)
2023-12-12 19:51:42 [main] INFO  o.a.catalina.core.StandardService - Starting service [Tomcat]
2023-12-12 19:51:42 [main] INFO  o.a.catalina.core.StandardEngine - Starting Servlet engine: [Apache Tomcat/9.0.71]
2023-12-12 19:51:42 [main] INFO  o.a.c.c.C.[Tomcat].[localhost].[/] - Initializing Spring embedded WebApplicationContext
2023-12-12 19:51:42 [main] INFO  o.s.b.w.s.c.ServletWebServerApplicationContext - Root WebApplicationContext: initialization completed in 1480 ms
2023-12-12 19:51:42 [main] INFO  c.had.selfhelp.util.SimpleCORSFilter - SimpleCORSFilter init
2023-12-12 19:51:42 [main] INFO  o.h.jpa.internal.util.LogHelper - HHH000204: Processing PersistenceUnitInfo [name: default]
2023-12-12 19:51:42 [main] INFO  org.hibernate.Version - HHH000412: Hibernate ORM core version 5.6.14.Final
2023-12-12 19:51:42 [main] INFO  o.h.annotations.common.Version - HCANN000001: Hibernate Commons Annotations {5.1.2.Final}
2023-12-12 19:51:42 [main] INFO  com.zaxxer.hikari.HikariDataSource - HikariPool-1 - Starting...
2023-12-12 19:51:43 [main] INFO  com.zaxxer.hikari.HikariDataSource - HikariPool-1 - Start completed.
2023-12-12 19:51:43 [main] INFO  org.hibernate.dialect.Dialect - HHH000400: Using dialect: org.hibernate.dialect.MySQL8Dialect
2023-12-12 19:51:43 [main] WARN  o.h.t.d.j.JavaTypeDescriptorRegistry - HHH000481: Encountered Java type [class java.lang.Object] for which we could not locate a JavaTypeDescriptor and which does not appear to implement equals and/or hashCode.  This can lead to significant performance problems when performing equality/dirty checking involving this Java type.  Consider registering a custom JavaTypeDescriptor or at least implementing equals/hashCode.
2023-12-12 19:51:43 [main] WARN  o.h.t.d.j.JavaTypeDescriptorRegistry - HHH000481: Encountered Java type [class java.lang.Object] for which we could not locate a JavaTypeDescriptor and which does not appear to implement equals and/or hashCode.  This can lead to significant performance problems when performing equality/dirty checking involving this Java type.  Consider registering a custom JavaTypeDescriptor or at least implementing equals/hashCode.
2023-12-12 19:51:43 [main] WARN  o.h.t.d.j.JavaTypeDescriptorRegistry - HHH000481: Encountered Java type [class java.lang.Object] for which we could not locate a JavaTypeDescriptor and which does not appear to implement equals and/or hashCode.  This can lead to significant performance problems when performing equality/dirty checking involving this Java type.  Consider registering a custom JavaTypeDescriptor or at least implementing equals/hashCode.
2023-12-12 19:51:43 [main] WARN  o.h.t.d.j.JavaTypeDescriptorRegistry - HHH000481: Encountered Java type [class java.lang.Object] for which we could not locate a JavaTypeDescriptor and which does not appear to implement equals and/or hashCode.  This can lead to significant performance problems when performing equality/dirty checking involving this Java type.  Consider registering a custom JavaTypeDescriptor or at least implementing equals/hashCode.
2023-12-12 19:51:43 [main] WARN  o.h.t.d.j.JavaTypeDescriptorRegistry - HHH000481: Encountered Java type [class java.lang.Object] for which we could not locate a JavaTypeDescriptor and which does not appear to implement equals and/or hashCode.  This can lead to significant performance problems when performing equality/dirty checking involving this Java type.  Consider registering a custom JavaTypeDescriptor or at least implementing equals/hashCode.
2023-12-12 19:51:44 [main] INFO  o.h.e.t.j.p.i.JtaPlatformInitiator - HHH000490: Using JtaPlatform implementation: [org.hibernate.engine.transaction.jta.platform.internal.NoJtaPlatform]
2023-12-12 19:51:44 [main] INFO  o.s.o.j.LocalContainerEntityManagerFactoryBean - Initialized JPA EntityManagerFactory for persistence unit 'default'
2023-12-12 19:51:44 [main] WARN  o.s.b.a.o.j.JpaBaseConfiguration$JpaWebConfiguration - spring.jpa.open-in-view is enabled by default. Therefore, database queries may be performed during view rendering. Explicitly configure spring.jpa.open-in-view to disable this warning
2023-12-12 19:51:45 [main] INFO  o.s.s.web.DefaultSecurityFilterChain - Will secure any request with [org.springframework.security.web.session.DisableEncodeUrlFilter@27df95e, org.springframework.security.web.context.request.async.WebAsyncManagerIntegrationFilter@b46e103, org.springframework.security.web.context.SecurityContextPersistenceFilter@3a90c13c, org.springframework.security.web.header.HeaderWriterFilter@6bee793f, org.springframework.web.filter.CorsFilter@2b0e9f30, org.springframework.security.web.authentication.logout.LogoutFilter@1a565afb, com.had.selfhelp.jwt.AuthTokenFilter@7e5843db, org.springframework.security.web.savedrequest.RequestCacheAwareFilter@188598ad, org.springframework.security.web.servletapi.SecurityContextHolderAwareRequestFilter@ebe067d, org.springframework.security.web.authentication.AnonymousAuthenticationFilter@5eea5627, org.springframework.security.web.session.SessionManagementFilter@4548d254, org.springframework.security.web.access.ExceptionTranslationFilter@36920bd6, org.springframework.security.web.access.intercept.FilterSecurityInterceptor@3667faa8]
2023-12-12 19:51:45 [main] INFO  o.s.b.w.e.tomcat.TomcatWebServer - Tomcat started on port(s): 8081 (http) with context path ''
2023-12-12 19:51:45 [main] INFO  com.had.selfhelp.SelfhelpApplication - Started SelfhelpApplication in 5.293 seconds (JVM running for 5.788)
2023-12-12 19:51:58 [http-nio-8081-exec-1] INFO  o.a.c.c.C.[Tomcat].[localhost].[/] - Initializing Spring DispatcherServlet 'dispatcherServlet'
2023-12-12 19:51:58 [http-nio-8081-exec-1] INFO  o.s.web.servlet.DispatcherServlet - Initializing Servlet 'dispatcherServlet'
2023-12-12 19:51:58 [http-nio-8081-exec-1] INFO  o.s.web.servlet.DispatcherServlet - Completed initialization in 1 ms
2023-12-12 19:51:58 [http-nio-8081-exec-1] ERROR c.had.selfhelp.jwt.AuthEntryPointJwt - Unauthorized error: Full authentication is required to access this resource
2023-12-12 19:53:38 [SpringApplicationShutdownHook] INFO  o.s.o.j.LocalContainerEntityManagerFactoryBean - Closing JPA EntityManagerFactory for persistence unit 'default'
2023-12-12 19:53:38 [SpringApplicationShutdownHook] INFO  com.zaxxer.hikari.HikariDataSource - HikariPool-1 - Shutdown initiated...
2023-12-12 19:53:38 [SpringApplicationShutdownHook] INFO  com.zaxxer.hikari.HikariDataSource - HikariPool-1 - Shutdown completed.
2023-12-12 19:53:59 [main] INFO  com.had.selfhelp.SelfhelpApplication - Starting SelfhelpApplication v0.0.1-SNAPSHOT using Java 11.0.21 on sarthak-Inspiron-5502 with PID 270472 (/home/sarthak/College/Sem-7/SPE/Mega-Project/MegaProject/TicketResolver_Backend/target/ticketresolver-0.0.1-SNAPSHOT.jar started by sarthak in /home/sarthak/College/Sem-7/SPE/Mega-Project/MegaProject/TicketResolver_Backend)
2023-12-12 19:53:59 [main] INFO  com.had.selfhelp.SelfhelpApplication - No active profile set, falling back to 1 default profile: "default"
2023-12-12 19:53:59 [main] INFO  o.s.d.r.c.RepositoryConfigurationDelegate - Bootstrapping Spring Data JPA repositories in DEFAULT mode.
2023-12-12 19:54:00 [main] INFO  o.s.d.r.c.RepositoryConfigurationDelegate - Finished Spring Data repository scanning in 65 ms. Found 4 JPA repository interfaces.
2023-12-12 19:54:00 [main] INFO  o.s.b.w.e.tomcat.TomcatWebServer - Tomcat initialized with port(s): 8081 (http)
2023-12-12 19:54:00 [main] INFO  o.a.catalina.core.StandardService - Starting service [Tomcat]
2023-12-12 19:54:00 [main] INFO  o.a.catalina.core.StandardEngine - Starting Servlet engine: [Apache Tomcat/9.0.71]
2023-12-12 19:54:00 [main] INFO  o.a.c.c.C.[Tomcat].[localhost].[/] - Initializing Spring embedded WebApplicationContext
2023-12-12 19:54:00 [main] INFO  o.s.b.w.s.c.ServletWebServerApplicationContext - Root WebApplicationContext: initialization completed in 1805 ms
2023-12-12 19:54:00 [main] INFO  c.had.selfhelp.util.SimpleCORSFilter - SimpleCORSFilter init
2023-12-12 19:54:01 [main] INFO  o.h.jpa.internal.util.LogHelper - HHH000204: Processing PersistenceUnitInfo [name: default]
2023-12-12 19:54:01 [main] INFO  org.hibernate.Version - HHH000412: Hibernate ORM core version 5.6.14.Final
2023-12-12 19:54:01 [main] INFO  o.h.annotations.common.Version - HCANN000001: Hibernate Commons Annotations {5.1.2.Final}
2023-12-12 19:54:01 [main] INFO  com.zaxxer.hikari.HikariDataSource - HikariPool-1 - Starting...
2023-12-12 19:54:01 [main] INFO  com.zaxxer.hikari.HikariDataSource - HikariPool-1 - Start completed.
2023-12-12 19:54:01 [main] INFO  org.hibernate.dialect.Dialect - HHH000400: Using dialect: org.hibernate.dialect.MySQL8Dialect
2023-12-12 19:54:02 [main] WARN  o.h.t.d.j.JavaTypeDescriptorRegistry - HHH000481: Encountered Java type [class java.lang.Object] for which we could not locate a JavaTypeDescriptor and which does not appear to implement equals and/or hashCode.  This can lead to significant performance problems when performing equality/dirty checking involving this Java type.  Consider registering a custom JavaTypeDescriptor or at least implementing equals/hashCode.
2023-12-12 19:54:02 [main] WARN  o.h.t.d.j.JavaTypeDescriptorRegistry - HHH000481: Encountered Java type [class java.lang.Object] for which we could not locate a JavaTypeDescriptor and which does not appear to implement equals and/or hashCode.  This can lead to significant performance problems when performing equality/dirty checking involving this Java type.  Consider registering a custom JavaTypeDescriptor or at least implementing equals/hashCode.
2023-12-12 19:54:02 [main] WARN  o.h.t.d.j.JavaTypeDescriptorRegistry - HHH000481: Encountered Java type [class java.lang.Object] for which we could not locate a JavaTypeDescriptor and which does not appear to implement equals and/or hashCode.  This can lead to significant performance problems when performing equality/dirty checking involving this Java type.  Consider registering a custom JavaTypeDescriptor or at least implementing equals/hashCode.
2023-12-12 19:54:02 [main] WARN  o.h.t.d.j.JavaTypeDescriptorRegistry - HHH000481: Encountered Java type [class java.lang.Object] for which we could not locate a JavaTypeDescriptor and which does not appear to implement equals and/or hashCode.  This can lead to significant performance problems when performing equality/dirty checking involving this Java type.  Consider registering a custom JavaTypeDescriptor or at least implementing equals/hashCode.
2023-12-12 19:54:02 [main] WARN  o.h.t.d.j.JavaTypeDescriptorRegistry - HHH000481: Encountered Java type [class java.lang.Object] for which we could not locate a JavaTypeDescriptor and which does not appear to implement equals and/or hashCode.  This can lead to significant performance problems when performing equality/dirty checking involving this Java type.  Consider registering a custom JavaTypeDescriptor or at least implementing equals/hashCode.
2023-12-12 19:54:02 [main] INFO  o.h.e.t.j.p.i.JtaPlatformInitiator - HHH000490: Using JtaPlatform implementation: [org.hibernate.engine.transaction.jta.platform.internal.NoJtaPlatform]
2023-12-12 19:54:02 [main] INFO  o.s.o.j.LocalContainerEntityManagerFactoryBean - Initialized JPA EntityManagerFactory for persistence unit 'default'
2023-12-12 19:54:03 [main] WARN  o.s.b.a.o.j.JpaBaseConfiguration$JpaWebConfiguration - spring.jpa.open-in-view is enabled by default. Therefore, database queries may be performed during view rendering. Explicitly configure spring.jpa.open-in-view to disable this warning
2023-12-12 19:54:03 [main] INFO  o.s.s.web.DefaultSecurityFilterChain - Will secure any request with [org.springframework.security.web.session.DisableEncodeUrlFilter@692dba54, org.springframework.security.web.context.request.async.WebAsyncManagerIntegrationFilter@71f1cc02, org.springframework.security.web.context.SecurityContextPersistenceFilter@332bcab0, org.springframework.security.web.header.HeaderWriterFilter@1e3e1014, org.springframework.web.filter.CorsFilter@5f14761c, org.springframework.security.web.authentication.logout.LogoutFilter@765d55d5, com.had.selfhelp.jwt.AuthTokenFilter@53c6f96d, org.springframework.security.web.savedrequest.RequestCacheAwareFilter@6342ff7f, org.springframework.security.web.servletapi.SecurityContextHolderAwareRequestFilter@28237492, org.springframework.security.web.authentication.AnonymousAuthenticationFilter@33feb805, org.springframework.security.web.session.SessionManagementFilter@16a35bd, org.springframework.security.web.access.ExceptionTranslationFilter@2dfb885e, org.springframework.security.web.access.intercept.FilterSecurityInterceptor@6e3ecf5c]
2023-12-12 19:54:04 [main] INFO  o.s.b.w.e.tomcat.TomcatWebServer - Tomcat started on port(s): 8081 (http) with context path ''
2023-12-12 19:54:04 [main] INFO  com.had.selfhelp.SelfhelpApplication - Started SelfhelpApplication in 5.878 seconds (JVM running for 6.329)
2023-12-12 19:54:08 [http-nio-8081-exec-1] INFO  o.a.c.c.C.[Tomcat].[localhost].[/] - Initializing Spring DispatcherServlet 'dispatcherServlet'
2023-12-12 19:54:08 [http-nio-8081-exec-1] INFO  o.s.web.servlet.DispatcherServlet - Initializing Servlet 'dispatcherServlet'
2023-12-12 19:54:08 [http-nio-8081-exec-1] INFO  o.s.web.servlet.DispatcherServlet - Completed initialization in 2 ms
2023-12-12 19:54:34 [SpringApplicationShutdownHook] INFO  o.s.o.j.LocalContainerEntityManagerFactoryBean - Closing JPA EntityManagerFactory for persistence unit 'default'
2023-12-12 19:54:34 [SpringApplicationShutdownHook] INFO  com.zaxxer.hikari.HikariDataSource - HikariPool-1 - Shutdown initiated...
2023-12-12 19:54:34 [SpringApplicationShutdownHook] INFO  com.zaxxer.hikari.HikariDataSource - HikariPool-1 - Shutdown completed.
